TN:
SF:src/App.js
FN:11,(anonymous_0)
FN:21,(anonymous_1)
FN:22,(anonymous_2)
FN:59,App
FN:61,(anonymous_4)
FN:65,(anonymous_5)
FN:119,current
FN:120,(anonymous_7)
FNF:8
FNH:5
FNDA:0,(anonymous_0)
FNDA:1,(anonymous_1)
FNDA:1,(anonymous_2)
FNDA:1,App
FNDA:0,(anonymous_4)
FNDA:0,(anonymous_5)
FNDA:4,current
FNDA:16,(anonymous_7)
DA:11,1
DA:13,1
DA:15,1
DA:21,1
DA:22,1
DA:45,1
DA:60,1
DA:61,1
DA:62,1
DA:64,1
DA:65,1
DA:66,1
DA:68,1
DA:69,1
DA:92,0
DA:120,4
DA:121,16
DA:122,16
DA:123,4
DA:146,12
LF:20
LH:19
BRDA:21,0,0,1
BRDA:21,0,1,0
BRDA:22,1,0,1
BRDA:22,1,1,0
BRDA:61,2,0,0
BRDA:61,2,1,0
BRDA:68,3,0,1
BRDA:68,3,1,0
BRDA:122,4,0,4
BRDA:122,4,1,12
BRDA:124,5,0,4
BRDA:124,5,1,2
BRF:12
BRH:7
end_of_record
